2016-11-08 14:50:16 [ERROR] game.core.cach.RedisManager (RedisManager.java:87) - [异步存储异常]key:asyn_update|null
2016-11-08 14:50:17 [ERROR] game.core.cach.RedisManager (RedisManager.java:87) - [异步存储异常]key:asyn_update|null
2016-11-08 14:50:17 [ERROR] game.core.cach.RedisManager (RedisManager.java:87) - [异步存储异常]key:asyn_update|null
2016-11-08 14:53:24 [ERROR] game.core.cach.RedisManager (RedisManager.java:88) - [异步存储异常]key:asyn_update|{"daoName":"Order","flag":"INSERT","name":"test:0","roleId":0,"uid":0}
2016-11-08 14:54:05 [ERROR] game.core.cach.RedisManager (RedisManager.java:88) - [异步存储异常]key:asyn_update|{"daoName":"Order","flag":"INSERT","name":"test:0","roleId":0,"uid":0}
org.springframework.jdbc.BadSqlGrammarException: 
### Error updating database.  Cause: com.mysql.jdbc.exceptions.jdbc4.MySQLSyntaxErrorException: You have an error in your SQL syntax; check the manual that corresponds to your MySQL server version for the right syntax to use near 'order
     ( uid,
      
      
        roleId,
      
      
        name ) 
  ' at line 1
### The error may involve game.core.db.dao.OrderMapper.insertSelective-Inline
### The error occurred while setting parameters
### SQL: insert into order      ( uid,                       roleId,                       name )       values ( ?,                       ?,                       ? )
### Cause: com.mysql.jdbc.exceptions.jdbc4.MySQLSyntaxErrorException: You have an error in your SQL syntax; check the manual that corresponds to your MySQL server version for the right syntax to use near 'order
     ( uid,
      
      
        roleId,
      
      
        name ) 
  ' at line 1
; bad SQL grammar []; nested exception is com.mysql.jdbc.exceptions.jdbc4.MySQLSyntaxErrorException: You have an error in your SQL syntax; check the manual that corresponds to your MySQL server version for the right syntax to use near 'order
     ( uid,
      
      
        roleId,
      
      
        name ) 
  ' at line 1
	at org.springframework.jdbc.support.SQLErrorCodeSQLExceptionTranslator.doTranslate(SQLErrorCodeSQLExceptionTranslator.java:231)
	at org.springframework.jdbc.support.AbstractFallbackSQLExceptionTranslator.translate(AbstractFallbackSQLExceptionTranslator.java:73)
	at org.mybatis.spring.MyBatisExceptionTranslator.translateExceptionIfPossible(MyBatisExceptionTranslator.java:75)
	at org.mybatis.spring.SqlSessionTemplate$SqlSessionInterceptor.invoke(SqlSessionTemplate.java:447)
	at com.sun.proxy.$Proxy14.insert(Unknown Source)
	at org.mybatis.spring.SqlSessionTemplate.insert(SqlSessionTemplate.java:279)
	at org.apache.ibatis.binding.MapperMethod.execute(MapperMethod.java:57)
	at org.apache.ibatis.binding.MapperProxy.invoke(MapperProxy.java:53)
	at com.sun.proxy.$Proxy15.insertSelective(Unknown Source)
	at game.core.dao.TestDao.insertDB(TestDao.java:68)
	at game.core.dao.TestDao.insertDB(TestDao.java:1)
	at game.core.cach.RedisManager$1.run(RedisManager.java:74)
	at java.lang.Thread.run(Thread.java:744)
Caused by: com.mysql.jdbc.exceptions.jdbc4.MySQLSyntaxErrorException: You have an error in your SQL syntax; check the manual that corresponds to your MySQL server version for the right syntax to use near 'order
     ( uid,
      
      
        roleId,
      
      
        name ) 
  ' at line 1
	at sun.reflect.NativeConstructorAccessorImpl.newInstance0(Native Method)
	at sun.reflect.NativeConstructorAccessorImpl.newInstance(NativeConstructorAccessorImpl.java:57)
	at sun.reflect.DelegatingConstructorAccessorImpl.newInstance(DelegatingConstructorAccessorImpl.java:45)
	at java.lang.reflect.Constructor.newInstance(Constructor.java:526)
	at com.mysql.jdbc.Util.handleNewInstance(Util.java:411)
	at com.mysql.jdbc.Util.getInstance(Util.java:386)
	at com.mysql.jdbc.SQLError.createSQLException(SQLError.java:1054)
	at com.mysql.jdbc.MysqlIO.checkErrorPacket(MysqlIO.java:4190)
	at com.mysql.jdbc.MysqlIO.checkErrorPacket(MysqlIO.java:4122)
	at com.mysql.jdbc.MysqlIO.sendCommand(MysqlIO.java:2570)
	at com.mysql.jdbc.MysqlIO.sqlQueryDirect(MysqlIO.java:2731)
	at com.mysql.jdbc.ConnectionImpl.execSQL(ConnectionImpl.java:2818)
	at com.mysql.jdbc.PreparedStatement.executeInternal(PreparedStatement.java:2157)
	at com.mysql.jdbc.PreparedStatement.execute(PreparedStatement.java:1379)
	at com.mchange.v2.c3p0.impl.NewProxyPreparedStatement.execute(NewProxyPreparedStatement.java:823)
	at org.apache.ibatis.executor.statement.PreparedStatementHandler.update(PreparedStatementHandler.java:46)
	at org.apache.ibatis.executor.statement.RoutingStatementHandler.update(RoutingStatementHandler.java:74)
	at org.apache.ibatis.executor.SimpleExecutor.doUpdate(SimpleExecutor.java:50)
	at org.apache.ibatis.executor.BaseExecutor.update(BaseExecutor.java:117)
	at org.apache.ibatis.executor.CachingExecutor.update(CachingExecutor.java:76)
	at org.apache.ibatis.session.defaults.DefaultSqlSession.update(DefaultSqlSession.java:198)
	at org.apache.ibatis.session.defaults.DefaultSqlSession.insert(DefaultSqlSession.java:185)
	at sun.reflect.NativeMethodAccessorImpl.invoke0(Native Method)
	at sun.reflect.NativeMethodAccessorImpl.invoke(NativeMethodAccessorImpl.java:57)
	at sun.reflect.DelegatingMethodAccessorImpl.invoke(DelegatingMethodAccessorImpl.java:43)
	at java.lang.reflect.Method.invoke(Method.java:606)
	at org.mybatis.spring.SqlSessionTemplate$SqlSessionInterceptor.invoke(SqlSessionTemplate.java:434)
	... 9 more
2016-11-08 15:06:07 [ERROR] game.core.cach.RedisManager (RedisManager.java:88) - [异步存储异常]key:asyn_update|{"daoName":"Order","flag":"INSERT","name":"test:0","roleId":0,"uid":0}
org.springframework.jdbc.BadSqlGrammarException: 
### Error updating database.  Cause: com.mysql.jdbc.exceptions.jdbc4.MySQLSyntaxErrorException: You have an error in your SQL syntax; check the manual that corresponds to your MySQL server version for the right syntax to use near 'order
     ( uid,
      
      
        roleId,
      
      
        name ) 
  ' at line 1
### The error may involve game.core.db.dao.OrderMapper.insertSelective-Inline
### The error occurred while setting parameters
### SQL: insert into order      ( uid,                       roleId,                       name )       values ( ?,                       ?,                       ? )
### Cause: com.mysql.jdbc.exceptions.jdbc4.MySQLSyntaxErrorException: You have an error in your SQL syntax; check the manual that corresponds to your MySQL server version for the right syntax to use near 'order
     ( uid,
      
      
        roleId,
      
      
        name ) 
  ' at line 1
; bad SQL grammar []; nested exception is com.mysql.jdbc.exceptions.jdbc4.MySQLSyntaxErrorException: You have an error in your SQL syntax; check the manual that corresponds to your MySQL server version for the right syntax to use near 'order
     ( uid,
      
      
        roleId,
      
      
        name ) 
  ' at line 1
	at org.springframework.jdbc.support.SQLErrorCodeSQLExceptionTranslator.doTranslate(SQLErrorCodeSQLExceptionTranslator.java:231)
	at org.springframework.jdbc.support.AbstractFallbackSQLExceptionTranslator.translate(AbstractFallbackSQLExceptionTranslator.java:73)
	at org.mybatis.spring.MyBatisExceptionTranslator.translateExceptionIfPossible(MyBatisExceptionTranslator.java:75)
	at org.mybatis.spring.SqlSessionTemplate$SqlSessionInterceptor.invoke(SqlSessionTemplate.java:447)
	at com.sun.proxy.$Proxy14.insert(Unknown Source)
	at org.mybatis.spring.SqlSessionTemplate.insert(SqlSessionTemplate.java:279)
	at org.apache.ibatis.binding.MapperMethod.execute(MapperMethod.java:57)
	at org.apache.ibatis.binding.MapperProxy.invoke(MapperProxy.java:53)
	at com.sun.proxy.$Proxy15.insertSelective(Unknown Source)
	at game.core.dao.TestDao.insertDB(TestDao.java:68)
	at game.core.dao.TestDao.insertDB(TestDao.java:1)
	at game.core.cach.RedisManager$1.run(RedisManager.java:74)
	at java.lang.Thread.run(Thread.java:744)
Caused by: com.mysql.jdbc.exceptions.jdbc4.MySQLSyntaxErrorException: You have an error in your SQL syntax; check the manual that corresponds to your MySQL server version for the right syntax to use near 'order
     ( uid,
      
      
        roleId,
      
      
        name ) 
  ' at line 1
	at sun.reflect.NativeConstructorAccessorImpl.newInstance0(Native Method)
	at sun.reflect.NativeConstructorAccessorImpl.newInstance(NativeConstructorAccessorImpl.java:57)
	at sun.reflect.DelegatingConstructorAccessorImpl.newInstance(DelegatingConstructorAccessorImpl.java:45)
	at java.lang.reflect.Constructor.newInstance(Constructor.java:526)
	at com.mysql.jdbc.Util.handleNewInstance(Util.java:411)
	at com.mysql.jdbc.Util.getInstance(Util.java:386)
	at com.mysql.jdbc.SQLError.createSQLException(SQLError.java:1054)
	at com.mysql.jdbc.MysqlIO.checkErrorPacket(MysqlIO.java:4190)
	at com.mysql.jdbc.MysqlIO.checkErrorPacket(MysqlIO.java:4122)
	at com.mysql.jdbc.MysqlIO.sendCommand(MysqlIO.java:2570)
	at com.mysql.jdbc.MysqlIO.sqlQueryDirect(MysqlIO.java:2731)
	at com.mysql.jdbc.ConnectionImpl.execSQL(ConnectionImpl.java:2818)
	at com.mysql.jdbc.PreparedStatement.executeInternal(PreparedStatement.java:2157)
	at com.mysql.jdbc.PreparedStatement.execute(PreparedStatement.java:1379)
	at com.mchange.v2.c3p0.impl.NewProxyPreparedStatement.execute(NewProxyPreparedStatement.java:823)
	at org.apache.ibatis.executor.statement.PreparedStatementHandler.update(PreparedStatementHandler.java:46)
	at org.apache.ibatis.executor.statement.RoutingStatementHandler.update(RoutingStatementHandler.java:74)
	at org.apache.ibatis.executor.SimpleExecutor.doUpdate(SimpleExecutor.java:50)
	at org.apache.ibatis.executor.BaseExecutor.update(BaseExecutor.java:117)
	at org.apache.ibatis.executor.CachingExecutor.update(CachingExecutor.java:76)
	at org.apache.ibatis.session.defaults.DefaultSqlSession.update(DefaultSqlSession.java:198)
	at org.apache.ibatis.session.defaults.DefaultSqlSession.insert(DefaultSqlSession.java:185)
	at sun.reflect.NativeMethodAccessorImpl.invoke0(Native Method)
	at sun.reflect.NativeMethodAccessorImpl.invoke(NativeMethodAccessorImpl.java:57)
	at sun.reflect.DelegatingMethodAccessorImpl.invoke(DelegatingMethodAccessorImpl.java:43)
	at java.lang.reflect.Method.invoke(Method.java:606)
	at org.mybatis.spring.SqlSessionTemplate$SqlSessionInterceptor.invoke(SqlSessionTemplate.java:434)
	... 9 more
2016-11-08 15:43:32 [ERROR] game.core.cach.RedisManager (RedisManager.java:90) - [异步存储异常]key:asyn_update|{"daoName":"Role","flag":"INSERT","uid":1}
org.springframework.dao.DuplicateKeyException: 
### Error updating database.  Cause: com.mysql.jdbc.exceptions.jdbc4.MySQLIntegrityConstraintViolationException: Duplicate entry '1' for key 'PRIMARY'
### The error may involve game.core.db.dao.RoleMapper.insert-Inline
### The error occurred while setting parameters
### SQL: insert into role (uid)     values (?)
### Cause: com.mysql.jdbc.exceptions.jdbc4.MySQLIntegrityConstraintViolationException: Duplicate entry '1' for key 'PRIMARY'
; SQL []; Duplicate entry '1' for key 'PRIMARY'; nested exception is com.mysql.jdbc.exceptions.jdbc4.MySQLIntegrityConstraintViolationException: Duplicate entry '1' for key 'PRIMARY'
	at org.springframework.jdbc.support.SQLErrorCodeSQLExceptionTranslator.doTranslate(SQLErrorCodeSQLExceptionTranslator.java:239)
	at org.springframework.jdbc.support.AbstractFallbackSQLExceptionTranslator.translate(AbstractFallbackSQLExceptionTranslator.java:73)
	at org.mybatis.spring.MyBatisExceptionTranslator.translateExceptionIfPossible(MyBatisExceptionTranslator.java:75)
	at org.mybatis.spring.SqlSessionTemplate$SqlSessionInterceptor.invoke(SqlSessionTemplate.java:447)
	at com.sun.proxy.$Proxy14.insert(Unknown Source)
	at org.mybatis.spring.SqlSessionTemplate.insert(SqlSessionTemplate.java:279)
	at org.apache.ibatis.binding.MapperMethod.execute(MapperMethod.java:57)
	at org.apache.ibatis.binding.MapperProxy.invoke(MapperProxy.java:53)
	at com.sun.proxy.$Proxy15.insert(Unknown Source)
	at game.core.dao.RoleDao.insertDB(RoleDao.java:46)
	at game.core.dao.RoleDao.insertDB(RoleDao.java:1)
	at game.core.cach.RedisManager$1.run(RedisManager.java:75)
	at java.lang.Thread.run(Thread.java:744)
Caused by: com.mysql.jdbc.exceptions.jdbc4.MySQLIntegrityConstraintViolationException: Duplicate entry '1' for key 'PRIMARY'
	at sun.reflect.NativeConstructorAccessorImpl.newInstance0(Native Method)
	at sun.reflect.NativeConstructorAccessorImpl.newInstance(NativeConstructorAccessorImpl.java:57)
	at sun.reflect.DelegatingConstructorAccessorImpl.newInstance(DelegatingConstructorAccessorImpl.java:45)
	at java.lang.reflect.Constructor.newInstance(Constructor.java:526)
	at com.mysql.jdbc.Util.handleNewInstance(Util.java:411)
	at com.mysql.jdbc.Util.getInstance(Util.java:386)
	at com.mysql.jdbc.SQLError.createSQLException(SQLError.java:1041)
	at com.mysql.jdbc.MysqlIO.checkErrorPacket(MysqlIO.java:4190)
	at com.mysql.jdbc.MysqlIO.checkErrorPacket(MysqlIO.java:4122)
	at com.mysql.jdbc.MysqlIO.sendCommand(MysqlIO.java:2570)
	at com.mysql.jdbc.MysqlIO.sqlQueryDirect(MysqlIO.java:2731)
	at com.mysql.jdbc.ConnectionImpl.execSQL(ConnectionImpl.java:2818)
	at com.mysql.jdbc.PreparedStatement.executeInternal(PreparedStatement.java:2157)
	at com.mysql.jdbc.PreparedStatement.execute(PreparedStatement.java:1379)
	at com.mchange.v2.c3p0.impl.NewProxyPreparedStatement.execute(NewProxyPreparedStatement.java:823)
	at org.apache.ibatis.executor.statement.PreparedStatementHandler.update(PreparedStatementHandler.java:46)
	at org.apache.ibatis.executor.statement.RoutingStatementHandler.update(RoutingStatementHandler.java:74)
	at org.apache.ibatis.executor.SimpleExecutor.doUpdate(SimpleExecutor.java:50)
	at org.apache.ibatis.executor.BaseExecutor.update(BaseExecutor.java:117)
	at org.apache.ibatis.executor.CachingExecutor.update(CachingExecutor.java:76)
	at org.apache.ibatis.session.defaults.DefaultSqlSession.update(DefaultSqlSession.java:198)
	at org.apache.ibatis.session.defaults.DefaultSqlSession.insert(DefaultSqlSession.java:185)
	at sun.reflect.NativeMethodAccessorImpl.invoke0(Native Method)
	at sun.reflect.NativeMethodAccessorImpl.invoke(NativeMethodAccessorImpl.java:57)
	at sun.reflect.DelegatingMethodAccessorImpl.invoke(DelegatingMethodAccessorImpl.java:43)
	at java.lang.reflect.Method.invoke(Method.java:606)
	at org.mybatis.spring.SqlSessionTemplate$SqlSessionInterceptor.invoke(SqlSessionTemplate.java:434)
	... 9 more
2016-11-08 15:44:18 [ERROR] game.core.cach.AbsDao (AbsDao.java:31) - [insertHEx]:key重复
2016-11-08 15:44:18 [ERROR] game.core.cach.AbsDao (AbsDao.java:31) - [insertHEx]:key重复
2016-11-08 15:44:18 [ERROR] game.core.cach.AbsDao (AbsDao.java:31) - [insertHEx]:key重复
2016-11-08 15:44:18 [ERROR] game.core.cach.AbsDao (AbsDao.java:31) - [insertHEx]:key重复
2016-11-08 15:44:18 [ERROR] game.core.cach.AbsDao (AbsDao.java:31) - [insertHEx]:key重复
2016-11-08 15:44:18 [ERROR] game.core.cach.AbsDao (AbsDao.java:31) - [insertHEx]:key重复
2016-11-08 15:44:18 [ERROR] game.core.cach.AbsDao (AbsDao.java:31) - [insertHEx]:key重复
2016-11-08 15:44:18 [ERROR] game.core.cach.AbsDao (AbsDao.java:31) - [insertHEx]:key重复
2016-11-08 15:44:18 [ERROR] game.core.cach.AbsDao (AbsDao.java:31) - [insertHEx]:key重复
2016-11-08 15:44:18 [ERROR] game.core.cach.AbsDao (AbsDao.java:31) - [insertHEx]:key重复
2016-11-08 15:44:18 [ERROR] game.core.cach.AbsDao (AbsDao.java:31) - [insertHEx]:key重复
2016-11-08 15:44:18 [ERROR] game.core.cach.AbsDao (AbsDao.java:31) - [insertHEx]:key重复
2016-11-08 15:44:18 [ERROR] game.core.cach.AbsDao (AbsDao.java:31) - [insertHEx]:key重复
2016-11-08 15:44:18 [ERROR] game.core.cach.AbsDao (AbsDao.java:31) - [insertHEx]:key重复
2016-11-08 15:44:18 [ERROR] game.core.cach.AbsDao (AbsDao.java:31) - [insertHEx]:key重复
2016-11-08 15:44:18 [ERROR] game.core.cach.AbsDao (AbsDao.java:31) - [insertHEx]:key重复
2016-11-08 15:44:18 [ERROR] game.core.cach.AbsDao (AbsDao.java:31) - [insertHEx]:key重复
2016-11-08 15:44:18 [ERROR] game.core.cach.AbsDao (AbsDao.java:31) - [insertHEx]:key重复
2016-11-08 15:44:18 [ERROR] game.core.cach.AbsDao (AbsDao.java:31) - [insertHEx]:key重复
2016-11-08 15:44:18 [ERROR] game.core.cach.AbsDao (AbsDao.java:31) - [insertHEx]:key重复
2016-11-08 15:45:19 [ERROR] game.core.cach.AbsDao (AbsDao.java:31) - [insertHEx]:key重复
2016-11-08 15:45:19 [ERROR] game.core.cach.AbsDao (AbsDao.java:31) - [insertHEx]:key重复
2016-11-08 15:45:19 [ERROR] game.core.cach.AbsDao (AbsDao.java:31) - [insertHEx]:key重复
2016-11-08 15:45:19 [ERROR] game.core.cach.AbsDao (AbsDao.java:31) - [insertHEx]:key重复
2016-11-08 15:45:19 [ERROR] game.core.cach.AbsDao (AbsDao.java:31) - [insertHEx]:key重复
2016-11-08 15:45:19 [ERROR] game.core.cach.AbsDao (AbsDao.java:31) - [insertHEx]:key重复
2016-11-08 15:45:19 [ERROR] game.core.cach.AbsDao (AbsDao.java:31) - [insertHEx]:key重复
2016-11-08 15:45:19 [ERROR] game.core.cach.AbsDao (AbsDao.java:31) - [insertHEx]:key重复
2016-11-08 15:45:19 [ERROR] game.core.cach.AbsDao (AbsDao.java:31) - [insertHEx]:key重复
2016-11-08 15:45:19 [ERROR] game.core.cach.AbsDao (AbsDao.java:31) - [insertHEx]:key重复
